Построение начато 06.12.2021 23:38:05.
     1>Проект "C:\Users\Sawtooth\Desktop\универ\ОП лабы\Лаба9\Лаба9\Лаба9.vcxproj" в узле 2 (целевые объекты build).
     1>InitializeBuildStatus:
         Создание "Debug\Лаба9.unsuccessfulbuild", так как было задано "AlwaysCreate".
       ClCompile:
         Для всех выходных данных обновления не требуется.
         C:\Program Files (x86)\Microsoft Visual Studio 10.0\VC\bin\CL.exe /c /ZI /nologo /W3 /WX- /Od /Oy- /D WIN32 /D _DEBUG /D _CONSOLE /D _UNICODE /D UNICODE /Gm /EHsc /RTC1 /MDd /GS /fp:precise /Zc:wchar_t /Zc:forScope /Yu"StdAfx.h" /Fp"Debug\Лаба9.pch" /Fo"Debug\\" /Fd"Debug\vc100.pdb" /Gd /TP /analyze- /errorReport:prompt "Лаба9.cpp"
         Лаба9.cpp
     1>c:\users\sawtooth\desktop\универ\оп лабы\лаба9\лаба9\mylist.h(6): warning C4091: typedef : пропускается слева от "list", когда ни одна переменная не объявлена
     1>c:\users\sawtooth\desktop\универ\оп лабы\лаба9\лаба9\лаба9.cpp(33): warning C4996: 'scanf': This function or variable may be unsafe. Consider using scanf_s instead. To disable deprecation, use _CRT_SECURE_NO_WARNINGS. See online help for details.
                 c:\program files (x86)\microsoft visual studio 10.0\vc\include\stdio.h(304): см. объявление "scanf"
     1>c:\users\sawtooth\desktop\универ\оп лабы\лаба9\лаба9\лаба9.cpp(50): warning C4715: init: значение возвращается не при всех путях выполнения
       ManifestResourceCompile:
         Для всех выходных данных обновления не требуется.
       Link:
         C:\Program Files (x86)\Microsoft Visual Studio 10.0\VC\bin\link.exe /ERRORREPORT:PROMPT /OUT:"C:\Users\Sawtooth\Desktop\универ\ОП лабы\Лаба9\Debug\Лаба9.exe" /INCREMENTAL /NOLOGO kernel32.lib user32.lib gdi32.lib winspool.lib comdlg32.lib advapi32.lib shell32.lib ole32.lib oleaut32.lib uuid.lib odbc32.lib odbccp32.lib /MANIFEST /ManifestFile:"Debug\Лаба9.exe.intermediate.manifest" /MANIFESTUAC:"level='asInvoker' uiAccess='false'" /DEBUG /PDB:"C:\Users\Sawtooth\Desktop\универ\ОП лабы\Лаба9\Debug\Лаба9.pdb" /SUBSYSTEM:CONSOLE /TLBID:1 /DYNAMICBASE /NXCOMPAT /IMPLIB:"C:\Users\Sawtooth\Desktop\универ\ОП лабы\Лаба9\Debug\Лаба9.lib" /MACHINE:X86 "Debug\Лаба9.exe.embed.manifest.res"
         Debug\stdafx.obj
         "Debug\Лаба9.obj"
       Manifest:
         C:\Program Files (x86)\Microsoft SDKs\Windows\v7.0A\bin\mt.exe /nologo /verbose /out:"Debug\Лаба9.exe.embed.manifest" /manifest "Debug\Лаба9.exe.intermediate.manifest"
         Для всех выходных данных обновления не требуется.
       LinkEmbedManifest:
         Для всех выходных данных обновления не требуется.
         Лаба9.vcxproj -> C:\Users\Sawtooth\Desktop\универ\ОП лабы\Лаба9\Debug\Лаба9.exe
       FinalizeBuildStatus:
         Файл "Debug\Лаба9.unsuccessfulbuild" удаляется.
         Обращение к "Debug\Лаба9.lastbuildstate".
     1>Построение проекта "C:\Users\Sawtooth\Desktop\универ\ОП лабы\Лаба9\Лаба9\Лаба9.vcxproj" завершено (целевые объекты build).

Построение успешно завершено.

Затраченное время: 00:00:01.18
