Построение начато 06.12.2021 22:51:12.
     1>Проект "C:\Users\Sawtooth\Desktop\универ\ОП лабы\Лаба8.1\Лаба8.1\Лаба8.1.vcxproj" в узле 2 (целевые объекты build).
     1>InitializeBuildStatus:
         Создание "Debug\Лаба8.1.unsuccessfulbuild", так как было задано "AlwaysCreate".
       ClCompile:
         Для всех выходных данных обновления не требуется.
         C:\Program Files (x86)\Microsoft Visual Studio 10.0\VC\bin\CL.exe /c /ZI /nologo /W3 /WX- /Od /Oy- /D WIN32 /D _DEBUG /D _CONSOLE /D _UNICODE /D UNICODE /Gm /EHsc /RTC1 /MDd /GS /fp:precise /Zc:wchar_t /Zc:forScope /Yu"StdAfx.h" /Fp"Debug\Лаба8.1.pch" /Fo"Debug\\" /Fd"Debug\vc100.pdb" /Gd /TP /analyze- /errorReport:prompt "Лаба8.1.cpp"
         Лаба8.1.cpp
     1>c:\users\sawtooth\desktop\универ\оп лабы\лаба8.1\лаба8.1\лаба8.1.cpp(25): warning C4996: 'scanf': This function or variable may be unsafe. Consider using scanf_s instead. To disable deprecation, use _CRT_SECURE_NO_WARNINGS. See online help for details.
                 c:\program files (x86)\microsoft visual studio 10.0\vc\include\stdio.h(304): см. объявление "scanf"
     1>c:\users\sawtooth\desktop\универ\оп лабы\лаба8.1\лаба8.1\лаба8.1.cpp(40): warning C4996: 'gets': This function or variable may be unsafe. Consider using gets_s instead. To disable deprecation, use _CRT_SECURE_NO_WARNINGS. See online help for details.
                 c:\program files (x86)\microsoft visual studio 10.0\vc\include\stdio.h(277): см. объявление "gets"
     1>c:\users\sawtooth\desktop\универ\оп лабы\лаба8.1\лаба8.1\лаба8.1.cpp(46): warning C4996: 'scanf': This function or variable may be unsafe. Consider using scanf_s instead. To disable deprecation, use _CRT_SECURE_NO_WARNINGS. See online help for details.
                 c:\program files (x86)\microsoft visual studio 10.0\vc\include\stdio.h(304): см. объявление "scanf"
     1>c:\users\sawtooth\desktop\универ\оп лабы\лаба8.1\лаба8.1\лаба8.1.cpp(53): warning C4996: 'scanf': This function or variable may be unsafe. Consider using scanf_s instead. To disable deprecation, use _CRT_SECURE_NO_WARNINGS. See online help for details.
                 c:\program files (x86)\microsoft visual studio 10.0\vc\include\stdio.h(304): см. объявление "scanf"
     1>c:\users\sawtooth\desktop\универ\оп лабы\лаба8.1\лаба8.1\лаба8.1.cpp(60): warning C4996: 'scanf': This function or variable may be unsafe. Consider using scanf_s instead. To disable deprecation, use _CRT_SECURE_NO_WARNINGS. See online help for details.
                 c:\program files (x86)\microsoft visual studio 10.0\vc\include\stdio.h(304): см. объявление "scanf"
     1>c:\users\sawtooth\desktop\универ\оп лабы\лаба8.1\лаба8.1\лаба8.1.cpp(76): warning C4996: 'scanf': This function or variable may be unsafe. Consider using scanf_s instead. To disable deprecation, use _CRT_SECURE_NO_WARNINGS. See online help for details.
                 c:\program files (x86)\microsoft visual studio 10.0\vc\include\stdio.h(304): см. объявление "scanf"
     1>c:\users\sawtooth\desktop\универ\оп лабы\лаба8.1\лаба8.1\лаба8.1.cpp(77): warning C4996: 'strcpy': This function or variable may be unsafe. Consider using strcpy_s instead. To disable deprecation, use _CRT_SECURE_NO_WARNINGS. See online help for details.
                 c:\program files (x86)\microsoft visual studio 10.0\vc\include\string.h(105): см. объявление "strcpy"
     1>c:\users\sawtooth\desktop\универ\оп лабы\лаба8.1\лаба8.1\лаба8.1.cpp(78): warning C4996: 'fopen': This function or variable may be unsafe. Consider using fopen_s instead. To disable deprecation, use _CRT_SECURE_NO_WARNINGS. See online help for details.
                 c:\program files (x86)\microsoft visual studio 10.0\vc\include\stdio.h(234): см. объявление "fopen"
     1>c:\users\sawtooth\desktop\универ\оп лабы\лаба8.1\лаба8.1\лаба8.1.cpp(81): warning C4996: 'getch': The POSIX name for this item is deprecated. Instead, use the ISO C++ conformant name: _getch. See online help for details.
                 c:\program files (x86)\microsoft visual studio 10.0\vc\include\conio.h(128): см. объявление "getch"
     1>c:\users\sawtooth\desktop\универ\оп лабы\лаба8.1\лаба8.1\лаба8.1.cpp(83): warning C4996: 'fopen': This function or variable may be unsafe. Consider using fopen_s instead. To disable deprecation, use _CRT_SECURE_NO_WARNINGS. See online help for details.
                 c:\program files (x86)\microsoft visual studio 10.0\vc\include\stdio.h(234): см. объявление "fopen"
     1>c:\users\sawtooth\desktop\универ\оп лабы\лаба8.1\лаба8.1\лаба8.1.cpp(92): warning C4996: 'fopen': This function or variable may be unsafe. Consider using fopen_s instead. To disable deprecation, use _CRT_SECURE_NO_WARNINGS. See online help for details.
                 c:\program files (x86)\microsoft visual studio 10.0\vc\include\stdio.h(234): см. объявление "fopen"
     1>c:\users\sawtooth\desktop\универ\оп лабы\лаба8.1\лаба8.1\лаба8.1.cpp(123): warning C4996: 'strcpy': This function or variable may be unsafe. Consider using strcpy_s instead. To disable deprecation, use _CRT_SECURE_NO_WARNINGS. See online help for details.
                 c:\program files (x86)\microsoft visual studio 10.0\vc\include\string.h(105): см. объявление "strcpy"
     1>c:\users\sawtooth\desktop\универ\оп лабы\лаба8.1\лаба8.1\лаба8.1.cpp(116): warning C4101: point: неиспользованная локальная переменная
     1>c:\users\sawtooth\desktop\универ\оп лабы\лаба8.1\лаба8.1\лаба8.1.cpp(149): warning C4101: point: неиспользованная локальная переменная
     1>c:\users\sawtooth\desktop\универ\оп лабы\лаба8.1\лаба8.1\лаба8.1.cpp(147): warning C4101: temp_first: неиспользованная локальная переменная
     1>c:\users\sawtooth\desktop\универ\оп лабы\лаба8.1\лаба8.1\лаба8.1.cpp(151): warning C4101: sec: неиспользованная локальная переменная
     1>c:\users\sawtooth\desktop\универ\оп лабы\лаба8.1\лаба8.1\лаба8.1.cpp(147): warning C4101: temp_second: неиспользованная локальная переменная
     1>c:\users\sawtooth\desktop\универ\оп лабы\лаба8.1\лаба8.1\лаба8.1.cpp(147): warning C4101: temp: неиспользованная локальная переменная
     1>c:\users\sawtooth\desktop\универ\оп лабы\лаба8.1\лаба8.1\лаба8.1.cpp(152): warning C4101: b: неиспользованная локальная переменная
     1>c:\users\sawtooth\desktop\универ\оп лабы\лаба8.1\лаба8.1\лаба8.1.cpp(214): warning C4996: 'fopen': This function or variable may be unsafe. Consider using fopen_s instead. To disable deprecation, use _CRT_SECURE_NO_WARNINGS. See online help for details.
                 c:\program files (x86)\microsoft visual studio 10.0\vc\include\stdio.h(234): см. объявление "fopen"
     1>c:\users\sawtooth\desktop\универ\оп лабы\лаба8.1\лаба8.1\лаба8.1.cpp(217): warning C4996: 'fopen': This function or variable may be unsafe. Consider using fopen_s instead. To disable deprecation, use _CRT_SECURE_NO_WARNINGS. See online help for details.
                 c:\program files (x86)\microsoft visual studio 10.0\vc\include\stdio.h(234): см. объявление "fopen"
       ManifestResourceCompile:
         Для всех выходных данных обновления не требуется.
       Link:
         C:\Program Files (x86)\Microsoft Visual Studio 10.0\VC\bin\link.exe /ERRORREPORT:PROMPT /OUT:"C:\Users\Sawtooth\Desktop\универ\ОП лабы\Лаба8.1\Debug\Лаба8.1.exe" /INCREMENTAL /NOLOGO kernel32.lib user32.lib gdi32.lib winspool.lib comdlg32.lib advapi32.lib shell32.lib ole32.lib oleaut32.lib uuid.lib odbc32.lib odbccp32.lib /MANIFEST /ManifestFile:"Debug\Лаба8.1.exe.intermediate.manifest" /MANIFESTUAC:"level='asInvoker' uiAccess='false'" /DEBUG /PDB:"C:\Users\Sawtooth\Desktop\универ\ОП лабы\Лаба8.1\Debug\Лаба8.1.pdb" /SUBSYSTEM:CONSOLE /TLBID:1 /DYNAMICBASE /NXCOMPAT /IMPLIB:"C:\Users\Sawtooth\Desktop\универ\ОП лабы\Лаба8.1\Debug\Лаба8.1.lib" /MACHINE:X86 "Debug\Лаба8.1.exe.embed.manifest.res"
         Debug\stdafx.obj
         "Debug\Лаба8.1.obj"
       Manifest:
         C:\Program Files (x86)\Microsoft SDKs\Windows\v7.0A\bin\mt.exe /nologo /verbose /out:"Debug\Лаба8.1.exe.embed.manifest" /manifest "Debug\Лаба8.1.exe.intermediate.manifest"
         Для всех выходных данных обновления не требуется.
       LinkEmbedManifest:
         Для всех выходных данных обновления не требуется.
         Лаба8.1.vcxproj -> C:\Users\Sawtooth\Desktop\универ\ОП лабы\Лаба8.1\Debug\Лаба8.1.exe
       FinalizeBuildStatus:
         Файл "Debug\Лаба8.1.unsuccessfulbuild" удаляется.
         Обращение к "Debug\Лаба8.1.lastbuildstate".
     1>Построение проекта "C:\Users\Sawtooth\Desktop\универ\ОП лабы\Лаба8.1\Лаба8.1\Лаба8.1.vcxproj" завершено (целевые объекты build).

Построение успешно завершено.

Затраченное время: 00:00:02.80
