Построение начато 20.10.2021 9:38:31.
     1>Проект "C:\Users\Sawtooth\Desktop\универ\ОП лабы\Лаба2\Лаба2\Лаба2.vcxproj" в узле 2 (целевые объекты build).
     1>InitializeBuildStatus:
         Создание "Debug\Лаба2.unsuccessfulbuild", так как было задано "AlwaysCreate".
       ClCompile:
         Для всех выходных данных обновления не требуется.
         C:\Program Files (x86)\Microsoft Visual Studio 10.0\VC\bin\CL.exe /c /ZI /nologo /W3 /WX- /Od /Oy- /D WIN32 /D _DEBUG /D _CONSOLE /D _UNICODE /D UNICODE /Gm /EHsc /RTC1 /MDd /GS /fp:precise /Zc:wchar_t /Zc:forScope /Yu"StdAfx.h" /Fp"Debug\Лаба2.pch" /Fo"Debug\\" /Fd"Debug\vc100.pdb" /Gd /TP /analyze- /errorReport:prompt "Лаба2.cpp"
         Лаба2.cpp
     1>c:\users\sawtooth\desktop\универ\оп лабы\лаба2\лаба2\лаба2.cpp(18): warning C4996: 'scanf': This function or variable may be unsafe. Consider using scanf_s instead. To disable deprecation, use _CRT_SECURE_NO_WARNINGS. See online help for details.
                 c:\program files (x86)\microsoft visual studio 10.0\vc\include\stdio.h(304): см. объявление "scanf"
     1>c:\users\sawtooth\desktop\универ\оп лабы\лаба2\лаба2\лаба2.cpp(47): warning C4996: 'scanf': This function or variable may be unsafe. Consider using scanf_s instead. To disable deprecation, use _CRT_SECURE_NO_WARNINGS. See online help for details.
                 c:\program files (x86)\microsoft visual studio 10.0\vc\include\stdio.h(304): см. объявление "scanf"
     1>c:\users\sawtooth\desktop\универ\оп лабы\лаба2\лаба2\лаба2.cpp(95): warning C4996: 'getch': The POSIX name for this item is deprecated. Instead, use the ISO C++ conformant name: _getch. See online help for details.
                 c:\program files (x86)\microsoft visual studio 10.0\vc\include\conio.h(128): см. объявление "getch"
       ManifestResourceCompile:
         Для всех выходных данных обновления не требуется.
       Link:
         C:\Program Files (x86)\Microsoft Visual Studio 10.0\VC\bin\link.exe /ERRORREPORT:PROMPT /OUT:"C:\Users\Sawtooth\Desktop\универ\ОП лабы\Лаба2\Debug\Лаба2.exe" /INCREMENTAL /NOLOGO kernel32.lib user32.lib gdi32.lib winspool.lib comdlg32.lib advapi32.lib shell32.lib ole32.lib oleaut32.lib uuid.lib odbc32.lib odbccp32.lib /MANIFEST /ManifestFile:"Debug\Лаба2.exe.intermediate.manifest" /MANIFESTUAC:"level='asInvoker' uiAccess='false'" /DEBUG /PDB:"C:\Users\Sawtooth\Desktop\универ\ОП лабы\Лаба2\Debug\Лаба2.pdb" /SUBSYSTEM:CONSOLE /TLBID:1 /DYNAMICBASE /NXCOMPAT /IMPLIB:"C:\Users\Sawtooth\Desktop\универ\ОП лабы\Лаба2\Debug\Лаба2.lib" /MACHINE:X86 "Debug\Лаба2.exe.embed.manifest.res"
         Debug\stdafx.obj
         "Debug\Лаба2.obj"
       Manifest:
         C:\Program Files (x86)\Microsoft SDKs\Windows\v7.0A\bin\mt.exe /nologo /verbose /out:"Debug\Лаба2.exe.embed.manifest" /manifest "Debug\Лаба2.exe.intermediate.manifest"
         Для всех выходных данных обновления не требуется.
       LinkEmbedManifest:
         Для всех выходных данных обновления не требуется.
         Лаба2.vcxproj -> C:\Users\Sawtooth\Desktop\универ\ОП лабы\Лаба2\Debug\Лаба2.exe
       FinalizeBuildStatus:
         Файл "Debug\Лаба2.unsuccessfulbuild" удаляется.
         Обращение к "Debug\Лаба2.lastbuildstate".
     1>Построение проекта "C:\Users\Sawtooth\Desktop\универ\ОП лабы\Лаба2\Лаба2\Лаба2.vcxproj" завершено (целевые объекты build).

Построение успешно завершено.

Затраченное время: 00:00:02.12
